This is pdfTeX, Version 3.14159265-2.6-1.40.16 (TeX Live 2015/Debian) (preloaded format=pdflatex 2017.11.29)  21 AUG 2018 16:23
entering extended mode
 restricted \write18 enabled.
 %&-line parsing enabled.
**Syncarea_control.tex
(./Syncarea_control.tex
LaTeX2e <2016/02/01>
Babel <3.9q> and hyphenation patterns for 8 language(s) loaded.
(/usr/share/texlive/texmf-dist/tex/latex/revtex/revtex4-1.cls
Document Class: revtex4-1 2010/07/25/20:33:00 4.1r (http://publish.aps.org/revt
ex4/ for documentation)
 Copyright (c) 2009 The American Physical Society.
 mailto:revtex@aps.org
 Licensed under the LPPL:
http://www.ctan.org/tex-archive/macros/latex/base/lppl.txt
 Arthur Ogawa <arthur_ogawa at sbcglobal dot net>
 Based on work by David Carlisle <david at dcarlisle.demon.co.uk>.
ltxutil[2010/07/25/20:33:00 4.1r utilities package (portions licensed from W. E
. Baxter web at superscript.com)]
LaTeX Info: Redefining \@centercr on input line 308.
Class revtex4-1 Info: Repairing broken LaTeX eqnarray on input line 358.
\eqncolsep=\skip41
Class revtex4-1 Info: Repairing hyperref-unfriendly LaTeX definition of \mpfoot
note on input line 433.
Class revtex4-1 Info: Repairing broken LateX \@sect on input line 755.
\intertabularlinepenalty=\count79
\@tbpen=\count80
\@arstrutbox@hline=\box26
Class revtex4-1 Info: Repairing broken LaTeX \@xbitor on input line 1786.
Class revtex4-1 Info: Making \typeout \long on input line 2046.
ltxfront[2010/07/25/20:33:00 4.1r frontmatter package (AO,DPC)]
\c@affil=\count81
\c@collab=\count82
\absbox=\box27
ltxgrid[2010/07/25/20:33:00 4.1r page grid package (portions licensed from W. E
. Baxter web at superscript.com)]
\c@linecount=\count83
\output@latex=\toks14
\box@size@1=\box28
\box@size@2=\box29
\@protection@box=\box30
\@topmark@saved=\toks15
\footins@saved=\box31
\footins@recovered=\box32
\column@recovered=\box33
\pagesofar=\box34
\footsofar=\box35
\pagegrid@col=\count84
Class revtex4-1 Info: Overriding \@vspace, \@vspacer, \@no@pgbk, \@newline, and
 \\  on input line 5578.
\c@part=\count85
\c@section=\count86
\c@subsection=\count87
\c@subsubsection=\count88
\c@paragraph=\count89
\c@subparagraph=\count90
\abovecaptionskip=\skip42
\belowcaptionskip=\skip43
\c@figure=\count91
\fbox@1=\box36
\c@table=\count92
\fbox@2=\box37
\c@video=\count93
\fbox@4=\box38
\@bibdataout=\write3
\widetext@top=\box39
\widetext@bot=\box40

Class revtex4-1 Warning: No Society specified, using default society aps.

(/usr/share/texlive/texmf-dist/tex/latex/revtex/aps4-1.rtx
File: aps4-1 2010/07/25/20:33:00 4.1r (http://publish.aps.org/revtex4/ for docu
mentation)
Class revtex4-1 Info: RevTeX society APS selected on input line 31.
)

Class revtex4-1 Warning: No journal specified, using default pra.

Class revtex4-1 Info: APS journal PRA selected on input line 7545.
(/usr/share/texlive/texmf-dist/tex/latex/revtex/aps12pt4-1.rtx
File: aps12pt4-1 2010/07/25/20:33:00 4.1r (http://publish.aps.org/revtex4/ for 
documentation)
Class revtex4-1 Info: RevTeX pointsize 12pt selected on input line 30.
)
(/usr/share/texlive/texmf-dist/tex/latex/textcase/textcase.sty
Package: textcase 2004/10/07 v0.07 Text only upper/lower case changing (DPC)
)
(/usr/share/texlive/texmf-dist/tex/latex/amsfonts/amssymb.sty
Package: amssymb 2013/01/14 v3.01 AMS font symbols

(/usr/share/texlive/texmf-dist/tex/latex/amsfonts/amsfonts.sty
Package: amsfonts 2013/01/14 v3.01 Basic AMSFonts support
\@emptytoks=\toks16
\symAMSa=\mathgroup4
\symAMSb=\mathgroup5
LaTeX Font Info:    Overwriting math alphabet `\mathfrak' in version `bold'
(Font)                  U/euf/m/n --> U/euf/b/n on input line 106.
))
(/usr/share/texlive/texmf-dist/tex/latex/amsmath/amsmath.sty
Package: amsmath 2016/03/03 v2.15a AMS math features
\@mathmargin=\skip44

For additional information on amsmath, use the `?' option.
(/usr/share/texlive/texmf-dist/tex/latex/amsmath/amstext.sty
Package: amstext 2000/06/29 v2.01 AMS text

(/usr/share/texlive/texmf-dist/tex/latex/amsmath/amsgen.sty
File: amsgen.sty 1999/11/30 v2.0 generic functions
\@emptytoks=\toks17
\ex@=\dimen102
)
LaTeX Info: Redefining \text on input line 28.
)
(/usr/share/texlive/texmf-dist/tex/latex/amsmath/amsbsy.sty
Package: amsbsy 1999/11/29 v1.2d Bold Symbols
\pmbraise@=\dimen103
)
(/usr/share/texlive/texmf-dist/tex/latex/amsmath/amsopn.sty
Package: amsopn 1999/12/14 v2.01 operator names
)
\inf@bad=\count94
LaTeX Info: Redefining \frac on input line 199.
\uproot@=\count95
\leftroot@=\count96
LaTeX Info: Redefining \overline on input line 297.
\classnum@=\count97
\DOTSCASE@=\count98
LaTeX Info: Redefining \ldots on input line 394.
LaTeX Info: Redefining \dots on input line 397.
LaTeX Info: Redefining \cdots on input line 518.
\Mathstrutbox@=\box41
\strutbox@=\box42
\big@size=\dimen104
LaTeX Font Info:    Redeclaring font encoding OML on input line 630.
LaTeX Font Info:    Redeclaring font encoding OMS on input line 631.
\macc@depth=\count99
\c@MaxMatrixCols=\count100
\dotsspace@=\muskip10
\c@parentequation=\count101
\dspbrk@lvl=\count102
\tag@help=\toks18
\row@=\count103
\column@=\count104
\maxfields@=\count105
\andhelp@=\toks19
\eqnshift@=\dimen105
\alignsep@=\dimen106
\tagshift@=\dimen107
\tagwidth@=\dimen108
\totwidth@=\dimen109
\lineht@=\dimen110
\@envbody=\toks20
\multlinegap=\skip45
\multlinetaggap=\skip46
\mathdisplay@stack=\toks21
LaTeX Info: Redefining \[ on input line 2735.
LaTeX Info: Redefining \] on input line 2736.
)
(/usr/share/texlive/texmf-dist/tex/latex/url/url.sty
\Urlmuskip=\muskip11
Package: url 2013/09/16  ver 3.4  Verb mode for urls, etc.
)
(/home/sdas/Devel/Repositories/CPG/other/latex_and_bibtex/styles/natbib.sty
Package: natbib 2010/09/13 8.31b (PWD, AO)
\bibhang=\skip47
\bibsep=\skip48
LaTeX Info: Redefining \cite on input line 695.
\c@NAT@ctr=\count106
)
Class revtex4-1 Info: Repairing natbib's \BibitemShut on input line 7549.

(/usr/share/texlive/texmf-dist/tex/latex/revtex/revsymb4-1.sty
Package: revsymb4-1 2010/07/25/20:33:00 4.1r (http://publish.aps.org/revtex4/ f
or documentation)
LaTeX Info: Redefining \frak on input line 95.
LaTeX Info: Redefining \Bbb on input line 111.
LaTeX Info: Redefining \REV@mathfrak on input line 119.
))
(/usr/share/texlive/texmf-dist/tex/latex/graphics/graphicx.sty
Package: graphicx 2014/10/28 v1.0g Enhanced LaTeX Graphics (DPC,SPQR)

(/usr/share/texlive/texmf-dist/tex/latex/graphics/keyval.sty
Package: keyval 2014/10/28 v1.15 key=value parser (DPC)
\KV@toks@=\toks22
)
(/usr/share/texlive/texmf-dist/tex/latex/graphics/graphics.sty
Package: graphics 2016/01/03 v1.0q Standard LaTeX Graphics (DPC,SPQR)

(/usr/share/texlive/texmf-dist/tex/latex/graphics/trig.sty
Package: trig 2016/01/03 v1.10 sin cos tan (DPC)
)
(/usr/share/texlive/texmf-dist/tex/latex/latexconfig/graphics.cfg
File: graphics.cfg 2010/04/23 v1.9 graphics configuration of TeX Live
)
Package graphics Info: Driver file: pdftex.def on input line 95.

(/usr/share/texlive/texmf-dist/tex/latex/pdftex-def/pdftex.def
File: pdftex.def 2011/05/27 v0.06d Graphics/color for pdfTeX

(/usr/share/texlive/texmf-dist/tex/generic/oberdiek/infwarerr.sty
Package: infwarerr 2010/04/08 v1.3 Providing info/warning/error messages (HO)
)
(/usr/share/texlive/texmf-dist/tex/generic/oberdiek/ltxcmds.sty
Package: ltxcmds 2011/11/09 v1.22 LaTeX kernel commands for general use (HO)
)
\Gread@gobject=\count107
))
\Gin@req@height=\dimen111
\Gin@req@width=\dimen112
)
(/usr/share/texlive/texmf-dist/tex/latex/tools/dcolumn.sty
Package: dcolumn 2014/10/28 v1.06 decimal alignment package (DPC)

(/usr/share/texlive/texmf-dist/tex/latex/tools/array.sty
Package: array 2014/10/28 v2.4c Tabular extension package (FMi)
\col@sep=\dimen113
\extrarowheight=\dimen114
\NC@list=\toks23
\extratabsurround=\skip49
\backup@length=\skip50
))
(/usr/share/texlive/texmf-dist/tex/latex/tools/bm.sty
Package: bm 2014/10/28 v1.1c Bold Symbol Support (DPC/FMi)
\symboldoperators=\mathgroup6
\symboldletters=\mathgroup7
\symboldsymbols=\mathgroup8
LaTeX Font Info:    Redeclaring math alphabet \mathbf on input line 141.
LaTeX Info: Redefining \bm on input line 207.
)
(/usr/share/texlive/texmf-dist/tex/latex/mathtools/empheq.sty
Package: empheq 2014/07/16 v2.14 Emphasizing equations

(/usr/share/texlive/texmf-dist/tex/latex/mathtools/mhsetup.sty
Package: mhsetup 2010/01/21 v1.2a programming setup (MH)
)
(/usr/share/texlive/texmf-dist/tex/latex/mathtools/mathtools.sty
Package: mathtools 2015/11/12 v1.18 mathematical typesetting tools

(/usr/share/texlive/texmf-dist/tex/latex/tools/calc.sty
Package: calc 2014/10/28 v4.3 Infix arithmetic (KKT,FJ)
\calc@Acount=\count108
\calc@Bcount=\count109
\calc@Adimen=\dimen115
\calc@Bdimen=\dimen116
\calc@Askip=\skip51
\calc@Bskip=\skip52
LaTeX Info: Redefining \setlength on input line 80.
LaTeX Info: Redefining \addtolength on input line 81.
\calc@Ccount=\count110
\calc@Cskip=\skip53
)
LaTeX Info: Thecontrolsequence`\('isalreadyrobust on input line 129.
LaTeX Info: Thecontrolsequence`\)'isalreadyrobust on input line 129.
LaTeX Info: Thecontrolsequence`\['isalreadyrobust on input line 129.
LaTeX Info: Thecontrolsequence`\]'isalreadyrobust on input line 129.
\g_MT_multlinerow_int=\count111
\l_MT_multwidth_dim=\dimen117
\origjot=\skip54
\l_MT_shortvdotswithinadjustabove_dim=\dimen118
\l_MT_shortvdotswithinadjustbelow_dim=\dimen119
\l_MT_above_intertext_sep=\dimen120
\l_MT_below_intertext_sep=\dimen121
\l_MT_above_shortintertext_sep=\dimen122
\l_MT_below_shortintertext_sep=\dimen123
)
\l_EQ_equationtype_int=\count112
\l_EQ_alignmentmode_int=\count113
\l_EQ_totalwidth_dim=\dimen124
\l_EQ_displaywidth_dim=\dimen125
\l_EQ_temp_linewidth_dim=\dimen126
\EmphEqdelimitershortfall=\dimen127
\EmphEqdelimiterfactor=\count114
\g_EQ_toptag_height_dim=\dimen128
\g_EQ_bottomtag_depth_dim=\dimen129
\g_EQ_toprow_height_dim=\dimen130
\g_EQ_bottomrow_depth_dim=\dimen131
\g_EQ_widesttag_dim=\dimen132
\EQ_mathdisplay_box=\box43
\EQ_tag_box=\box44
\g_EQ_temprow_int=\count115
)
(/usr/share/texlive/texmf-dist/tex/latex/hyperref/hyperref.sty
Package: hyperref 2012/11/06 v6.83m Hypertext links for LaTeX

(/usr/share/texlive/texmf-dist/tex/generic/oberdiek/hobsub-hyperref.sty
Package: hobsub-hyperref 2012/05/28 v1.13 Bundle oberdiek, subset hyperref (HO)


(/usr/share/texlive/texmf-dist/tex/generic/oberdiek/hobsub-generic.sty
Package: hobsub-generic 2012/05/28 v1.13 Bundle oberdiek, subset generic (HO)
Package: hobsub 2012/05/28 v1.13 Construct package bundles (HO)
Package hobsub Info: Skipping package `infwarerr' (already loaded).
Package hobsub Info: Skipping package `ltxcmds' (already loaded).
Package: ifluatex 2010/03/01 v1.3 Provides the ifluatex switch (HO)
Package ifluatex Info: LuaTeX not detected.
Package: ifvtex 2010/03/01 v1.5 Detect VTeX and its facilities (HO)
Package ifvtex Info: VTeX not detected.
Package: intcalc 2007/09/27 v1.1 Expandable calculations with integers (HO)
Package: ifpdf 2011/01/30 v2.3 Provides the ifpdf switch (HO)
Package ifpdf Info: pdfTeX in PDF mode is detected.
Package: etexcmds 2011/02/16 v1.5 Avoid name clashes with e-TeX commands (HO)
Package etexcmds Info: Could not find \expanded.
(etexcmds)             That can mean that you are not using pdfTeX 1.50 or
(etexcmds)             that some package has redefined \expanded.
(etexcmds)             In the latter case, load this package earlier.
Package: kvsetkeys 2012/04/25 v1.16 Key value parser (HO)
Package: kvdefinekeys 2011/04/07 v1.3 Define keys (HO)
Package: pdftexcmds 2011/11/29 v0.20 Utility functions of pdfTeX for LuaTeX (HO
)
Package pdftexcmds Info: LuaTeX not detected.
Package pdftexcmds Info: \pdf@primitive is available.
Package pdftexcmds Info: \pdf@ifprimitive is available.
Package pdftexcmds Info: \pdfdraftmode found.
Package: pdfescape 2011/11/25 v1.13 Implements pdfTeX's escape features (HO)
Package: bigintcalc 2012/04/08 v1.3 Expandable calculations on big integers (HO
)
Package: bitset 2011/01/30 v1.1 Handle bit-vector datatype (HO)
Package: uniquecounter 2011/01/30 v1.2 Provide unlimited unique counter (HO)
)
Package hobsub Info: Skipping package `hobsub' (already loaded).
Package: letltxmacro 2010/09/02 v1.4 Let assignment for LaTeX macros (HO)
Package: hopatch 2012/05/28 v1.2 Wrapper for package hooks (HO)
Package: xcolor-patch 2011/01/30 xcolor patch
Package: atveryend 2011/06/30 v1.8 Hooks at the very end of document (HO)
Package: atbegshi 2011/10/05 v1.16 At begin shipout hook (HO)
Package: refcount 2011/10/16 v3.4 Data extraction from label references (HO)
Package: hycolor 2011/01/30 v1.7 Color options for hyperref/bookmark (HO)
)
(/usr/share/texlive/texmf-dist/tex/generic/ifxetex/ifxetex.sty
Package: ifxetex 2010/09/12 v0.6 Provides ifxetex conditional
)
(/usr/share/texlive/texmf-dist/tex/latex/oberdiek/auxhook.sty
Package: auxhook 2011/03/04 v1.3 Hooks for auxiliary files (HO)
)
(/usr/share/texlive/texmf-dist/tex/latex/oberdiek/kvoptions.sty
Package: kvoptions 2011/06/30 v3.11 Key value format for package options (HO)
)
\@linkdim=\dimen133
\Hy@linkcounter=\count116
\Hy@pagecounter=\count117

(/usr/share/texlive/texmf-dist/tex/latex/hyperref/pd1enc.def
File: pd1enc.def 2012/11/06 v6.83m Hyperref: PDFDocEncoding definition (HO)
)
\Hy@SavedSpaceFactor=\count118

(/usr/share/texlive/texmf-dist/tex/latex/latexconfig/hyperref.cfg
File: hyperref.cfg 2002/06/06 v1.2 hyperref configuration of TeXLive
)
Package hyperref Info: Hyper figures OFF on input line 4443.
Package hyperref Info: Link nesting OFF on input line 4448.
Package hyperref Info: Hyper index ON on input line 4451.
Package hyperref Info: Plain pages OFF on input line 4458.
Package hyperref Info: Backreferencing OFF on input line 4463.
Package hyperref Info: Implicit mode ON; LaTeX internals redefined.
Package hyperref Info: Bookmarks ON on input line 4688.
LaTeX Info: Redefining \href on input line 4952.
\c@Hy@tempcnt=\count119
LaTeX Info: Redefining \url on input line 5041.
\XeTeXLinkMargin=\dimen134
\Fld@menulength=\count120
\Field@Width=\dimen135
\Fld@charsize=\dimen136
Package hyperref Info: Hyper figures OFF on input line 6295.
Package hyperref Info: Link nesting OFF on input line 6300.
Package hyperref Info: Hyper index ON on input line 6303.
Package hyperref Info: backreferencing OFF on input line 6310.
Package hyperref Info: Link coloring OFF on input line 6315.
Package hyperref Info: Link coloring with OCG OFF on input line 6320.
Package hyperref Info: PDF/A mode OFF on input line 6325.
LaTeX Info: Redefining \ref on input line 6365.
LaTeX Info: Redefining \pageref on input line 6369.
\Hy@abspage=\count121
\c@Item=\count122
\c@Hfootnote=\count123
)

Package hyperref Message: Driver (autodetected): hpdftex.

(/usr/share/texlive/texmf-dist/tex/latex/hyperref/hpdftex.def
File: hpdftex.def 2012/11/06 v6.83m Hyperref driver for pdfTeX
\Fld@listcount=\count124
\c@bookmark@seq@number=\count125

(/usr/share/texlive/texmf-dist/tex/latex/oberdiek/rerunfilecheck.sty
Package: rerunfilecheck 2011/04/15 v1.7 Rerun checks for auxiliary files (HO)
Package uniquecounter Info: New unique counter `rerunfilecheck' on input line 2
82.
)
\Hy@SectionHShift=\skip55
)
Class revtex4-1 Info: Patching array package. on input line 37.
Class revtex4-1 Info: Robustifying \LaTeX's \boldmath command on input line 37.

Class revtex4-1 Info: cite was not loaded (OK!) on input line 37.
Class revtex4-1 Info: mcite was not loaded (OK!) on input line 37.
Class revtex4-1 Info: multicol was not loaded (OK!) on input line 37.

(./Syncarea_control.aux

LaTeX Warning: Label `fig:location' multiply defined.

)
\openout1 = `Syncarea_control.aux'.

LaTeX Font Info:    Checking defaults for OML/cmm/m/it on input line 37.
LaTeX Font Info:    ... okay on input line 37.
LaTeX Font Info:    Checking defaults for T1/cmr/m/n on input line 37.
LaTeX Font Info:    ... okay on input line 37.
LaTeX Font Info:    Checking defaults for OT1/cmr/m/n on input line 37.
LaTeX Font Info:    ... okay on input line 37.
LaTeX Font Info:    Checking defaults for OMS/cmsy/m/n on input line 37.
LaTeX Font Info:    ... okay on input line 37.
LaTeX Font Info:    Checking defaults for OMX/cmex/m/n on input line 37.
LaTeX Font Info:    ... okay on input line 37.
LaTeX Font Info:    Checking defaults for U/cmr/m/n on input line 37.
LaTeX Font Info:    ... okay on input line 37.
LaTeX Font Info:    Checking defaults for PD1/pdf/m/n on input line 37.
LaTeX Font Info:    ... okay on input line 37.
 (/usr/share/texlive/texmf-dist/tex/context/base/supp-pdf.mkii
[Loading MPS to PDF converter (version 2006.09.02).]
\scratchcounter=\count126
\scratchdimen=\dimen137
\scratchbox=\box45
\nofMPsegments=\count127
\nofMParguments=\count128
\everyMPshowfont=\toks24
\MPscratchCnt=\count129
\MPscratchDim=\dimen138
\MPnumerator=\count130
\makeMPintoPDFobject=\count131
\everyMPtoPDFconversion=\toks25
) (/usr/share/texlive/texmf-dist/tex/latex/oberdiek/epstopdf-base.sty
Package: epstopdf-base 2010/02/09 v2.5 Base part for package epstopdf

(/usr/share/texlive/texmf-dist/tex/latex/oberdiek/grfext.sty
Package: grfext 2010/08/19 v1.1 Manage graphics extensions (HO)
)
Package grfext Info: Graphics extension search list:
(grfext)             [.png,.pdf,.jpg,.mps,.jpeg,.jbig2,.jb2,.PNG,.PDF,.JPG,.JPE
G,.JBIG2,.JB2,.eps]
(grfext)             \AppendGraphicsExtensions on input line 452.

(/usr/share/texlive/texmf-dist/tex/latex/latexconfig/epstopdf-sys.cfg
File: epstopdf-sys.cfg 2010/07/13 v1.3 Configuration of (r)epstopdf for TeX Liv
e
))
\AtBeginShipoutBox=\box46
Package hyperref Info: Link coloring OFF on input line 37.

(/usr/share/texlive/texmf-dist/tex/latex/hyperref/nameref.sty
Package: nameref 2012/10/27 v2.43 Cross-referencing by name of section

(/usr/share/texlive/texmf-dist/tex/generic/oberdiek/gettitlestring.sty
Package: gettitlestring 2010/12/03 v1.4 Cleanup title references (HO)
)
\c@section@level=\count132
)
LaTeX Info: Redefining \ref on input line 37.
LaTeX Info: Redefining \pageref on input line 37.
LaTeX Info: Redefining \nameref on input line 37.

(./Syncarea_control.out) (./Syncarea_control.out)
\@outlinefile=\write4
\openout4 = `Syncarea_control.out'.

Class revtex4-1 Info: Taking \maketitle back from hyperref on input line 37.
\openout3 = `Syncarea_controlNotes.bib'.

LaTeX Font Info:    Try loading font information for U+msa on input line 50.

(/usr/share/texlive/texmf-dist/tex/latex/amsfonts/umsa.fd
File: umsa.fd 2013/01/14 v3.01 AMS symbols A
)
LaTeX Font Info:    Try loading font information for U+msb on input line 50.

(/usr/share/texlive/texmf-dist/tex/latex/amsfonts/umsb.fd
File: umsb.fd 2013/01/14 v3.01 AMS symbols B
) [1{/var/lib/texmf/fonts/map/pdftex/updmap/pdftex.map}] [2]
Package epstopdf Info: Source file: <Standard_Map.eps>
(epstopdf)                    date: 2016-09-13 07:19:00
(epstopdf)                    size: 19486894 bytes
(epstopdf)             Output file: <Standard_Map-eps-converted-to.pdf>
(epstopdf)                    date: 2016-09-13 07:19:16
(epstopdf)                    size: 6519842 bytes
(epstopdf)             Command: <repstopdf --outfile=Standard_Map-eps-converted
-to.pdf Standard_Map.eps>
(epstopdf)             \includegraphics on input line 89.
Package epstopdf Info: Output file is already uptodate.

<Standard_Map-eps-converted-to.pdf, id=97, 562.1pt x 421.575pt>
File: Standard_Map-eps-converted-to.pdf Graphic file (type pdf)

<use Standard_Map-eps-converted-to.pdf>
Package pdftex.def Info: Standard_Map-eps-converted-to.pdf used on input line 8
9.
(pdftex.def)             Requested size: 337.2626pt x 252.94695pt.
 [3]
Overfull \hbox (17.61108pt too wide) in paragraph at lines 98--114
[][] [] 
 []

[4 <./Standard_Map-eps-converted-to.pdf>]
Package epstopdf Info: Source file: <Sync_exmaple.eps>
(epstopdf)                    date: 2016-09-13 07:43:56
(epstopdf)                    size: 240187 bytes
(epstopdf)             Output file: <Sync_exmaple-eps-converted-to.pdf>
(epstopdf)                    date: 2016-09-13 07:46:42
(epstopdf)                    size: 24836 bytes
(epstopdf)             Command: <repstopdf --outfile=Sync_exmaple-eps-converted
-to.pdf Sync_exmaple.eps>
(epstopdf)             \includegraphics on input line 130.
Package epstopdf Info: Output file is already uptodate.

<Sync_exmaple-eps-converted-to.pdf, id=129, 562.1pt x 421.575pt>
File: Sync_exmaple-eps-converted-to.pdf Graphic file (type pdf)

<use Sync_exmaple-eps-converted-to.pdf>
Package pdftex.def Info: Sync_exmaple-eps-converted-to.pdf used on input line 1
30.
(pdftex.def)             Requested size: 337.2626pt x 252.94695pt.
 [5 <./Sync_exmaple-eps-converted-to.pdf>] [6]
Package epstopdf Info: Source file: <FTLE_plots.eps>
(epstopdf)                    date: 2016-09-13 08:19:00
(epstopdf)                    size: 330821 bytes
(epstopdf)             Output file: <FTLE_plots-eps-converted-to.pdf>
(epstopdf)                    date: 2016-09-13 08:19:10
(epstopdf)                    size: 46530 bytes
(epstopdf)             Command: <repstopdf --outfile=FTLE_plots-eps-converted-t
o.pdf FTLE_plots.eps>
(epstopdf)             \includegraphics on input line 215.
Package epstopdf Info: Output file is already uptodate.
 <FTLE_plots-eps-converted-to.pdf, id=167, 759.83875pt x 755.82375pt>
File: FTLE_plots-eps-converted-to.pdf Graphic file (type pdf)

<use FTLE_plots-eps-converted-to.pdf>
Package pdftex.def Info: FTLE_plots-eps-converted-to.pdf used on input line 215
.
(pdftex.def)             Requested size: 417.9126pt x 415.70435pt.


LaTeX Warning: `h' float specifier changed to `ht'.

[7] [8 <./FTLE_plots-eps-converted-to.pdf>]
Package epstopdf Info: Source file: <Edge_Sync_angles.eps>
(epstopdf)                    date: 2016-08-18 14:42:34
(epstopdf)                    size: 164152 bytes
(epstopdf)             Output file: <Edge_Sync_angles-eps-converted-to.pdf>
(epstopdf)                    date: 2016-08-18 14:42:44
(epstopdf)                    size: 9370 bytes
(epstopdf)             Command: <repstopdf --outfile=Edge_Sync_angles-eps-conve
rted-to.pdf Edge_Sync_angles.eps>
(epstopdf)             \includegraphics on input line 238.
Package epstopdf Info: Output file is already uptodate.

<Edge_Sync_angles-eps-converted-to.pdf, id=219, 562.1pt x 470.75874pt>
File: Edge_Sync_angles-eps-converted-to.pdf Graphic file (type pdf)

<use Edge_Sync_angles-eps-converted-to.pdf>
Package pdftex.def Info: Edge_Sync_angles-eps-converted-to.pdf used on input li
ne 238.
(pdftex.def)             Requested size: 337.2626pt x 282.45743pt.


LaTeX Warning: `h' float specifier changed to `ht'.

[9]
Package epstopdf Info: Source file: <S_U_Percent.eps>
(epstopdf)                    date: 2016-09-01 11:42:22
(epstopdf)                    size: 18639 bytes
(epstopdf)             Output file: <S_U_Percent-eps-converted-to.pdf>
(epstopdf)                    date: 2016-09-01 11:42:36
(epstopdf)                    size: 8273 bytes
(epstopdf)             Command: <repstopdf --outfile=S_U_Percent-eps-converted-
to.pdf S_U_Percent.eps>
(epstopdf)             \includegraphics on input line 251.
Package epstopdf Info: Output file is already uptodate.
 <S_U_Percent-eps-converted-to.pdf, id=227, 563.10374pt x 423.5825pt>
File: S_U_Percent-eps-converted-to.pdf Graphic file (type pdf)

<use S_U_Percent-eps-converted-to.pdf>
Package pdftex.def Info: S_U_Percent-eps-converted-to.pdf used on input line 25
1.
(pdftex.def)             Requested size: 337.86485pt x 254.15146pt.
 [10 <./Edge_Sync_angles-eps-converted-to.pdf>]
Package epstopdf Info: Source file: <Sync_time_dist.eps>
(epstopdf)                    date: 2016-09-01 08:34:02
(epstopdf)                    size: 207207 bytes
(epstopdf)             Output file: <Sync_time_dist-eps-converted-to.pdf>
(epstopdf)                    date: 2016-09-01 11:12:16
(epstopdf)                    size: 22240 bytes
(epstopdf)             Command: <repstopdf --outfile=Sync_time_dist-eps-convert
ed-to.pdf Sync_time_dist.eps>
(epstopdf)             \includegraphics on input line 260.
Package epstopdf Info: Output file is already uptodate.
 <Sync_time_dist-eps-converted-to.pdf, id=245, 562.1pt x 421.575pt>
File: Sync_time_dist-eps-converted-to.pdf Graphic file (type pdf)

<use Sync_time_dist-eps-converted-to.pdf>
Package pdftex.def Info: Sync_time_dist-eps-converted-to.pdf used on input line
 260.
(pdftex.def)             Requested size: 337.2626pt x 252.94695pt.
 [11 <./S_U_Percent-eps-converted-to.pdf>]
Package epstopdf Info: Source file: <Strength_con.eps>
(epstopdf)                    date: 2016-09-12 10:49:32
(epstopdf)                    size: 103279 bytes
(epstopdf)             Output file: <Strength_con-eps-converted-to.pdf>
(epstopdf)                    date: 2016-09-12 10:49:38
(epstopdf)                    size: 10631 bytes
(epstopdf)             Command: <repstopdf --outfile=Strength_con-eps-converted
-to.pdf Strength_con.eps>
(epstopdf)             \includegraphics on input line 271.
Package epstopdf Info: Output file is already uptodate.
 <Strength_con-eps-converted-to.pdf, id=257, 562.1pt x 421.575pt>
File: Strength_con-eps-converted-to.pdf Graphic file (type pdf)

<use Strength_con-eps-converted-to.pdf>
Package pdftex.def Info: Strength_con-eps-converted-to.pdf used on input line 2
71.
(pdftex.def)             Requested size: 337.2626pt x 252.94695pt.
 [12 <./Sync_time_dist-eps-converted-to.pdf>] [13 <./Strength_con-eps-converted
-to.pdf>]

Package natbib Warning: Citation `FN1' on page 14 undefined on input line 305.


LaTeX Warning: Reference `fig:coherent' on page 14 undefined on input line 322.


Package epstopdf Info: Source file: <Fast_sync_location.eps>
(epstopdf)                    date: 2016-09-10 11:10:04
(epstopdf)                    size: 812585 bytes
(epstopdf)             Output file: <Fast_sync_location-eps-converted-to.pdf>
(epstopdf)                    date: 2016-09-10 11:11:08
(epstopdf)                    size: 294403 bytes
(epstopdf)             Command: <repstopdf --outfile=Fast_sync_location-eps-con
verted-to.pdf Fast_sync_location.eps>
(epstopdf)             \includegraphics on input line 326.
Package epstopdf Info: Output file is already uptodate.
<Fast_sync_location-eps-converted-to.pdf, id=299, 759.83875pt x 538.01pt>
File: Fast_sync_location-eps-converted-to.pdf Graphic file (type pdf)

<use Fast_sync_location-eps-converted-to.pdf>
Package pdftex.def Info: Fast_sync_location-eps-converted-to.pdf used on input 
line 326.
(pdftex.def)             Requested size: 455.90675pt x 322.80849pt.


LaTeX Warning: `h' float specifier changed to `ht'.

Package epstopdf Info: Source file: <Normal_Sync.eps>
(epstopdf)                    date: 2016-09-09 09:24:00
(epstopdf)                    size: 234043 bytes
(epstopdf)             Output file: <Normal_Sync-eps-converted-to.pdf>
(epstopdf)                    date: 2016-09-10 11:21:48
(epstopdf)                    size: 25666 bytes
(epstopdf)             Command: <repstopdf --outfile=Normal_Sync-eps-converted-
to.pdf Normal_Sync.eps>
(epstopdf)             \includegraphics on input line 334.
Package epstopdf Info: Output file is already uptodate.
<Normal_Sync-eps-converted-to.pdf, id=300, 560.0925pt x 367.3725pt>
File: Normal_Sync-eps-converted-to.pdf Graphic file (type pdf)

<use Normal_Sync-eps-converted-to.pdf>
Package pdftex.def Info: Normal_Sync-eps-converted-to.pdf used on input line 33
4.
(pdftex.def)             Requested size: 252.03929pt x 165.31609pt.
Package epstopdf Info: Source file: <Fast_sync_dist.eps>
(epstopdf)                    date: 2016-09-09 09:10:08
(epstopdf)                    size: 263708 bytes
(epstopdf)             Output file: <Fast_sync_dist-eps-converted-to.pdf>
(epstopdf)                    date: 2016-09-10 11:21:50
(epstopdf)                    size: 15686 bytes
(epstopdf)             Command: <repstopdf --outfile=Fast_sync_dist-eps-convert
ed-to.pdf Fast_sync_dist.eps>
(epstopdf)             \includegraphics on input line 335.
Package epstopdf Info: Output file is already uptodate.

<Fast_sync_dist-eps-converted-to.pdf, id=301, 560.0925pt x 367.3725pt>
File: Fast_sync_dist-eps-converted-to.pdf Graphic file (type pdf)

<use Fast_sync_dist-eps-converted-to.pdf>
Package pdftex.def Info: Fast_sync_dist-eps-converted-to.pdf used on input line
 335.
(pdftex.def)             Requested size: 252.03929pt x 165.31609pt.

Overfull \hbox (44.07858pt too wide) in paragraph at lines 333--338
 []$[]$ 
 []


LaTeX Warning: `h' float specifier changed to `ht'.

[14]

LaTeX Warning: Reference `fig:beta_dist' on page 15 undefined on input line 343
.

[15 <./Fast_sync_location-eps-converted-to.pdf>]
Package epstopdf Info: Source file: <Fast_strength_dist.eps>
(epstopdf)                    date: 2016-09-09 10:05:26
(epstopdf)                    size: 197455 bytes
(epstopdf)             Output file: <Fast_strength_dist-eps-converted-to.pdf>
(epstopdf)                    date: 2016-09-10 11:45:18
(epstopdf)                    size: 21820 bytes
(epstopdf)             Command: <repstopdf --outfile=Fast_strength_dist-eps-con
verted-to.pdf Fast_strength_dist.eps>
(epstopdf)             \includegraphics on input line 354.
Package epstopdf Info: Output file is already uptodate.

<Fast_strength_dist-eps-converted-to.pdf, id=323, 562.1pt x 421.575pt>
File: Fast_strength_dist-eps-converted-to.pdf Graphic file (type pdf)

<use Fast_strength_dist-eps-converted-to.pdf>
Package pdftex.def Info: Fast_strength_dist-eps-converted-to.pdf used on input 
line 354.
(pdftex.def)             Requested size: 337.2626pt x 252.94695pt.


LaTeX Warning: `h' float specifier changed to `ht'.

[16 <./Normal_Sync-eps-converted-to.pdf> <./Fast_sync_dist-eps-converted-to.pdf
>] (./Syncarea_control.bbl
Missing character: There is no ‚ in font cmr10!
Missing character: There is no Ä in font cmr10!
Missing character: There is no ì in font cmr10!
LaTeX Font Info:    Try loading font information for OMS+cmr on input line 22.

(/usr/share/texlive/texmf-dist/tex/latex/base/omscmr.fd
File: omscmr.fd 2014/09/29 v2.5h Standard LaTeX font definitions
)
LaTeX Font Info:    Font shape `OMS/cmr/m/n' in size <10.95> not available
(Font)              Font shape `OMS/cmsy/m/n' tried instead on input line 22.
 [17 <./Fast_strength_dist-eps-converted-to.pdf>]
Missing character: There is no ‚ in font cmr10!
Missing character: There is no Ä in font cmr10!
Missing character: There is no ê in font cmr10!
Missing character: There is no √ in font cmr10!
Missing character: There is no ° in font cmr10!
Missing character: There is no √ in font cmr10!
Missing character: There is no © in font cmr10!
Missing character: There is no √ in font cmr10!
Missing character: There is no ∂ in font cmr10!
Missing character: There is no √ in font cmr10!
Missing character: There is no ° in font cmr10!
Missing character: There is no ‚ in font cmr10!
Missing character: There is no Ä in font cmr10!
Missing character: There is no ì in font cmr10!
 [18]
Missing character: There is no ‚ in font cmr10!
Missing character: There is no Ä in font cmr10!
Missing character: There is no ì in font cmr10!
)

Package natbib Warning: There were undefined citations.

[19]
Package atveryend Info: Empty hook `AfterLastShipout' on input line 367.
 (./Syncarea_control.aux)
Package atveryend Info: Executing hook `AtVeryEndDocument' on input line 367.
Package atveryend Info: Executing hook `AtEndAfterFileList' on input line 367.
Package rerunfilecheck Info: File `Syncarea_control.out' has not changed.
(rerunfilecheck)             Checksum: 0F652025F9FAEA091B99243E3985E61D;631.


LaTeX Warning: There were undefined references.


LaTeX Warning: There were multiply-defined labels.

 ) 
Here is how much of TeX's memory you used:
 9042 strings out of 494901
 131304 string characters out of 6178616
 242820 words of memory out of 5000000
 12126 multiletter control sequences out of 15000+600000
 19277 words of font info for 71 fonts, out of 8000000 for 9000
 14 hyphenation exceptions out of 8191
 35i,12n,30p,1885b,570s stack positions out of 5000i,500n,10000p,200000b,80000s
</usr/share/texlive/texmf-dist/fonts/type1/public/amsfonts/cm/cmbx10.pfb></us
r/share/texlive/texmf-dist/fonts/type1/public/amsfonts/cm/cmbx12.pfb></usr/shar
e/texlive/texmf-dist/fonts/type1/public/amsfonts/cm/cmex10.pfb></usr/share/texl
ive/texmf-dist/fonts/type1/public/amsfonts/cm/cmmi10.pfb></usr/share/texlive/te
xmf-dist/fonts/type1/public/amsfonts/cm/cmmi12.pfb></usr/share/texlive/texmf-di
st/fonts/type1/public/amsfonts/cm/cmmi5.pfb></usr/share/texlive/texmf-dist/font
s/type1/public/amsfonts/cm/cmmi6.pfb></usr/share/texlive/texmf-dist/fonts/type1
/public/amsfonts/cm/cmmi7.pfb></usr/share/texlive/texmf-dist/fonts/type1/public
/amsfonts/cm/cmmi8.pfb></usr/share/texlive/texmf-dist/fonts/type1/public/amsfon
ts/cm/cmr10.pfb></usr/share/texlive/texmf-dist/fonts/type1/public/amsfonts/cm/c
mr12.pfb></usr/share/texlive/texmf-dist/fonts/type1/public/amsfonts/cm/cmr5.pfb
></usr/share/texlive/texmf-dist/fonts/type1/public/amsfonts/cm/cmr6.pfb></usr/s
hare/texlive/texmf-dist/fonts/type1/public/amsfonts/cm/cmr7.pfb></usr/share/tex
live/texmf-dist/fonts/type1/public/amsfonts/cm/cmr8.pfb></usr/share/texlive/tex
mf-dist/fonts/type1/public/amsfonts/cm/cmsy10.pfb></usr/share/texlive/texmf-dis
t/fonts/type1/public/amsfonts/cm/cmsy7.pfb></usr/share/texlive/texmf-dist/fonts
/type1/public/amsfonts/cm/cmsy8.pfb></usr/share/texlive/texmf-dist/fonts/type1/
public/amsfonts/cm/cmti10.pfb></usr/share/texlive/texmf-dist/fonts/type1/public
/amsfonts/cm/cmti12.pfb></usr/share/texlive/texmf-dist/fonts/type1/public/amsfo
nts/symbols/msbm10.pfb>
Output written on Syncarea_control.pdf (19 pages, 7229112 bytes).
PDF statistics:
 483 PDF objects out of 1000 (max. 8388607)
 391 compressed objects within 4 object streams
 83 named destinations out of 1000 (max. 500000)
 120 words of extra memory for PDF output out of 10000 (max. 10000000)

